1610704923542	geckodriver	INFO	Listening on 127.0.0.1:63803
1610704926513	mozrunner::runner	INFO	Running command: "C:\\Program Files (x86)\\Mozilla Firefox\\firefox.exe" "--marionette" "-foreground" "-no-remote" "-profile" "C:\\Users\\CTEA\\AppData\\Local\\Temp\\rust_mozprofileabUWV6"
console.warn: SearchSettings: "get: No settings file exists, new profile?" (new Error("", "(unknown module)"))
console.warn: SearchSettings: "get: No settings file exists, new profile?" (new Error("", "(unknown module)"))
1610704940960	Marionette	INFO	Listening on port 63813
1610704941732	Marionette	WARN	TLS certificate errors will be ignored for this session
1610704941888	Marionette	ERROR	[17] No reply from Marionette:Register
1610704944495	Marionette	WARN	Ignoring event 'DOMContentLoaded' because document has an invalid readyState of 'complete'.
JavaScript error: https://online.citibank.co.in/js/example.dart.js, line 1: TypeError: f.RE(...) is null
JavaScript error: https://online.citibank.co.in/js/angular.min.js, line 6: Error: [$injector:modulerr] http://errors.angularjs.org/1.4.8/$injector/modulerr?p0=searchApp&p1=%5B%24injector%3Anomod%5D%20http%3A%2F%2Ferrors.angularjs.org%2F1.4.8%2F%24injector%2Fnomod%3Fp0%3DsearchApp%0AG%2F%3C%40https%3A%2F%2Fonline.citibank.co.in%2Fjs%2Fangular.min.js%3A6%3A416%0Ade%2F%3C%2F%3C%2F%3C%40https%3A%2F%2Fonline.citibank.co.in%2Fjs%2Fangular.min.js%3A24%3A186%0Ab%40https%3A%2F%2Fonline.citibank.co.in%2Fjs%2Fangular.min.js%3A23%3A251%0Ade%2F%3C%2F%3C%40https%3A%2F%2Fonline.citibank.co.in%2Fjs%2Fangular.min.js%3A23%3A494%0Ag%2F%3C%40https%3A%2F%2Fonline.citibank.co.in%2Fjs%2Fangular.min.js%3A38%3A117%0An%40https%3A%2F%2Fonline.citibank.co.in%2Fjs%2Fangular.min.js%3A7%3A333%0Ag%40https%3A%2F%2Fonline.citibank.co.in%2Fjs%2Fangular.min.js%3A37%3A489%0Aeb%40https%3A%2F%2Fonline.citibank.co.in%2Fjs%2Fangular.min.js%3A41%3A249%0Ac%40https%3A%2F%2Fonline.citibank.co.in%2Fjs%2Fangular.min.js%3A19%3A463%0Ayc%40https%3A%2F%2Fonline.citibank.co.in%2Fjs%2Fangular.min.js%3A20%3A274%0AZd%40https%3A%2F%2Fonline.citibank.co.in%2Fjs%2Fangular.min.js%3A19%3A83%0A%40https%3A%2F%2Fonline.citibank.co.in%2Fjs%2Fangular.min.js%3A294%3A194%0Ae%40https%3A%2F%2Fonline.citibank.co.in%2Fjs%2Fjquery-3.4.1.min.js%3A2%3A29453%0Al%2F%3C%2Ft%3C%40https%3A%2F%2Fonline.citibank.co.in%2Fjs%2Fjquery-3.4.1.min.js%3A2%3A29755%0A
1610704957993	Marionette	ERROR	[38] No reply from Marionette:Register
IPDL protocol error: Handler returned error code!

###!!! [Parent][DispatchAsyncMessage] Error: PLayerTransaction::Msg_ReleaseLayer Processing error: message was deserialized, but the handler returned false (indicating failure)

JavaScript error: chrome://global/content/elements/browser-custom-element.js, line 1642: Error: permitUnload is already running for this tab.
JavaScript error: chrome://browser/content/browser.js, line 7875: uncaught exception: undefined
[Parent 4144, IPC I/O Parent] WARNING: file /builds/worker/checkouts/gecko/ipc/chromium/src/base/process_util_win.cc:167
[Parent 4144, IPC I/O Parent] WARNING: file /builds/worker/checkouts/gecko/ipc/chromium/src/base/process_util_win.cc:167
[Parent 4144, IPC I/O Parent] WARNING: pipe error: 232: file /builds/worker/checkouts/gecko/ipc/chromium/src/chrome/common/ipc_channel_win.cc:545
[Parent 4144, IPC I/O Parent] WARNING: file /builds/worker/checkouts/gecko/ipc/chromium/src/base/process_util_win.cc:167
1610709466244	Marionette	INFO	Stopped listening on port 63813
