1610532218635	geckodriver	INFO	Listening on 127.0.0.1:55776
1610532221652	mozrunner::runner	INFO	Running command: "C:\\Program Files (x86)\\Mozilla Firefox\\firefox.exe" "--marionette" "-foreground" "-no-remote" "-profile" "C:\\Users\\CTEA\\AppData\\Local\\Temp\\rust_mozprofileqAJCxs"
console.warn: SearchSettings: "get: No settings file exists, new profile?" (new Error("", "(unknown module)"))
1610532226479	Marionette	INFO	Listening on port 55784
1610532226902	Marionette	WARN	TLS certificate errors will be ignored for this session
1610532226930	Marionette	ERROR	[21] No reply from Marionette:Register
console.warn: SearchSettings: "get: No settings file exists, new profile?" (new Error("", "(unknown module)"))
JavaScript warning: http://demo.openemr.io/b/openemr/interface/main/messages/messages.php?form_active=1, line 744: unreachable code after return statement
[GFX1-]: (gfxWindowsPlatform) Detected device reset: 3
[GFX1-]: (gfxWindowsPlatform) scheduled device update.
[GFX1-]: (gfxWindowsPlatform) Detected device reset: 3
[GFX1-]: (gfxWindowsPlatform) scheduled device update.
[GFX1-]: (gfxWindowsPlatform) Detected device reset: 3
[GFX1-]: (gfxWindowsPlatform) scheduled device update.
[GFX1-]: (gfxWindowsPlatform) Detected device reset: 3
[GFX1-]: (gfxWindowsPlatform) scheduled device update.
[GFX1-]: (gfxWindowsPlatform) Detected device reset: 3
[GFX1-]: (gfxWindowsPlatform) scheduled device update.
[GFX1-]: (gfxWindowsPlatform) Detected device reset: 3
[GFX1-]: (gfxWindowsPlatform) scheduled device update.
[GFX1-]: (gfxWindowsPlatform) Detected device reset: 3
[GFX1-]: (gfxWindowsPlatform) scheduled device update.
[GFX1-]: (gfxWindowsPlatform) Detected device reset: 3
[GFX1-]: (gfxWindowsPlatform) scheduled device update.
[GFX1-]: (gfxWindowsPlatform) Detected device reset: 3
[GFX1-]: (gfxWindowsPlatform) scheduled device update.
[GFX1-]: (gfxWindowsPlatform) Detected device reset: 3
[GFX1-]: (gfxWindowsPlatform) scheduled device update.
[GFX1-]: (gfxWindowsPlatform) Detected device reset: 3
[GFX1-]: (gfxWindowsPlatform) scheduled device update.
[GFX1-]: (gfxWindowsPlatform) Detected device reset: 3
[GFX1-]: (gfxWindowsPlatform) scheduled device update.
[GFX1-]: (gfxWindowsPlatform) Detected device reset: 3
[GFX1-]: (gfxWindowsPlatform) scheduled device update.
[GFX1-]: (gfxWindowsPlatform) Detected device reset: 3
[GFX1-]: (gfxWindowsPlatform) scheduled device update.
[GFX1-]: (gfxWindowsPlatform) Detected device reset: 3
[GFX1-]: (gfxWindowsPlatform) scheduled device update.
[GFX1-]: (gfxWindowsPlatform) Detected device reset: 3
[GFX1-]: (gfxWindowsPlatform) scheduled device update.
[GFX1-]: (gfxWindowsPlatform) Detected device reset: 3
[GFX1-]: (gfxWindowsPlatform) scheduled device update.
[GFX1-]: (gfxWindowsPlatform) Detected device reset: 3
[GFX1-]: (gfxWindowsPlatform) scheduled device update.
[GFX1-]: (gfxWindowsPlatform) Detected device reset: 3
[GFX1-]: (gfxWindowsPlatform) scheduled device update.
[GFX1-]: (gfxWindowsPlatform) Detected device reset: 3
[GFX1-]: (gfxWindowsPlatform) scheduled device update.
[GFX1-]: (gfxWindowsPlatform) Detected device reset: 3
[GFX1-]: (gfxWindowsPlatform) scheduled device update.
[GFX1-]: (gfxWindowsPlatform) Detected device reset: 3
[GFX1-]: (gfxWindowsPlatform) scheduled device update.
[GFX1-]: (gfxWindowsPlatform) Detected device reset: 3
[GFX1-]: (gfxWindowsPlatform) scheduled device update.
[GFX1-]: (gfxWindowsPlatform) Detected device reset: 3
[GFX1-]: (gfxWindowsPlatform) scheduled device update.
[GFX1-]: (gfxWindowsPlatform) Detected device reset: 3
[GFX1-]: (gfxWindowsPlatform) scheduled device update.
[GFX1-]: (gfxWindowsPlatform) Detected device reset: 3
[GFX1-]: (gfxWindowsPlatform) scheduled device update.
[GFX1-]: (gfxWindowsPlatform) Detected device reset: 3
[GFX1-]: (gfxWindowsPlatform) scheduled device update.
[GFX1-]: (gfxWindowsPlatform) Detected device reset: 3
[GFX1-]: (gfxWindowsPlatform) scheduled device update.
[GFX1-]: (gfxWindowsPlatform) Detected device reset: 3
[GFX1-]: (gfxWindowsPlatform) scheduled device update.
[GFX1-]: (gfxWindowsPlatform) Detected device reset: 3
[GFX1-]: (gfxWindowsPlatform) scheduled device update.
[GFX1-]: (gfxWindowsPlatform) Detected device reset: 3
[GFX1-]: (gfxWindowsPlatform) scheduled device update.
[GFX1-]: (gfxWindowsPlatform) Detected device reset: 3
[GFX1-]: (gfxWindowsPlatform) scheduled device update.
[GFX1-]: (gfxWindowsPlatform) Detected device reset: 3
[GFX1-]: (gfxWindowsPlatform) scheduled device update.
[GFX1-]: (gfxWindowsPlatform) Detected device reset: 3
[GFX1-]: (gfxWindowsPlatform) scheduled device update.
[GFX1-]: (gfxWindowsPlatform) Detected device reset: 3
[GFX1-]: (gfxWindowsPlatform) scheduled device update.
[GFX1-]: (gfxWindowsPlatform) Detected device reset: 3
[GFX1-]: (gfxWindowsPlatform) scheduled device update.
[GFX1-]: (gfxWindowsPlatform) Detected device reset: 3
[GFX1-]: (gfxWindowsPlatform) scheduled device update.
[GFX1-]: (gfxWindowsPlatform) Detected device reset: 3
[GFX1-]: (gfxWindowsPlatform) scheduled device update.
[GFX1-]: (gfxWindowsPlatform) Detected device reset: 3
[GFX1-]: (gfxWindowsPlatform) scheduled device update.
[GFX1-]: (gfxWindowsPlatform) Detected device reset: 3
[GFX1-]: (gfxWindowsPlatform) scheduled device update.
[GFX1-]: (gfxWindowsPlatform) Detected device reset: 3
[GFX1-]: (gfxWindowsPlatform) scheduled device update.
[GFX1-]: (gfxWindowsPlatform) Detected device reset: 3
[GFX1-]: (gfxWindowsPlatform) scheduled device update.
[GFX1-]: (gfxWindowsPlatform) Detected device reset: 3
[GFX1-]: (gfxWindowsPlatform) scheduled device update.
[GFX1-]: (gfxWindowsPlatform) Detected device reset: 3
[GFX1-]: (gfxWindowsPlatform) scheduled device update.
[GFX1-]: (gfxWindowsPlatform) Detected device reset: 3
[GFX1-]: (gfxWindowsPlatform) scheduled device update.
[GFX1-]: (gfxWindowsPlatform) Detected device reset: 3
[GFX1-]: (gfxWindowsPlatform) scheduled device update.
[GFX1-]: (gfxWindowsPlatform) Detected device reset: 3
[GFX1-]: (gfxWindowsPlatform) scheduled device update.
[GFX1-]: (gfxWindowsPlatform) Detected device reset: 3
[GFX1-]: (gfxWindowsPlatform) scheduled device update.
[GFX1-]: (gfxWindowsPlatform) Detected device reset: 3
[GFX1-]: (gfxWindowsPlatform) scheduled device update.
[GFX1-]: (gfxWindowsPlatform) Detected device reset: 3
[GFX1-]: (gfxWindowsPlatform) scheduled device update.
[GFX1-]: (gfxWindowsPlatform) Detected device reset: 3
[GFX1-]: (gfxWindowsPlatform) scheduled device update.
[GFX1-]: (gfxWindowsPlatform) Detected device reset: 3
[GFX1-]: (gfxWindowsPlatform) scheduled device update.
[GFX1-]: (gfxWindowsPlatform) Detected device reset: 3
[GFX1-]: (gfxWindowsPlatform) scheduled device update.
[GFX1-]: (gfxWindowsPlatform) Detected device reset: 3
[GFX1-]: (gfxWindowsPlatform) scheduled device update.
[GFX1-]: (gfxWindowsPlatform) Detected device reset: 3
[GFX1-]: (gfxWindowsPlatform) scheduled device update.
[GFX1-]: (gfxWindowsPlatform) Detected device reset: 3
[GFX1-]: (gfxWindowsPlatform) scheduled device update.
[GFX1-]: (gfxWindowsPlatform) Detected device reset: 3
[GFX1-]: (gfxWindowsPlatform) scheduled device update.
[GFX1-]: (gfxWindowsPlatform) Detected device reset: 3
[GFX1-]: (gfxWindowsPlatform) scheduled device update.
[GFX1-]: (gfxWindowsPlatform) Detected device reset: 3
[GFX1-]: (gfxWindowsPlatform) scheduled device update.
[GFX1-]: (gfxWindowsPlatform) Detected device reset: 3
[GFX1-]: (gfxWindowsPlatform) scheduled device update.
[GFX1-]: (gfxWindowsPlatform) Detected device reset: 3
[GFX1-]: (gfxWindowsPlatform) scheduled device update.
[GFX1-]: (gfxWindowsPlatform) Detected device reset: 3
[GFX1-]: (gfxWindowsPlatform) scheduled device update.
[GFX1-]: (gfxWindowsPlatform) Detected device reset: 3
[GFX1-]: (gfxWindowsPlatform) scheduled device update.
[GFX1-]: (gfxWindowsPlatform) Detected device reset: 3
[GFX1-]: (gfxWindowsPlatform) scheduled device update.
[GFX1-]: (gfxWindowsPlatform) Detected device reset: 3
[GFX1-]: (gfxWindowsPlatform) scheduled device update.
[GFX1-]: (gfxWindowsPlatform) Detected device reset: 3
[GFX1-]: (gfxWindowsPlatform) scheduled device update.
[GFX1-]: (gfxWindowsPlatform) Detected device reset: 3
[GFX1-]: (gfxWindowsPlatform) scheduled device update.
1610536869969	Marionette	INFO	Stopped listening on port 55784
