1610945298153	geckodriver	INFO	Listening on 127.0.0.1:50885
1610945301058	mozrunner::runner	INFO	Running command: "C:\\Program Files (x86)\\Mozilla Firefox\\firefox.exe" "--marionette" "-foreground" "-no-remote" "-profile" "C:\\Users\\CTEA\\AppData\\Local\\Temp\\rust_mozprofilencAssw"
console.warn: SearchSettings: "get: No settings file exists, new profile?" (new Error("", "(unknown module)"))
console.warn: SearchSettings: "get: No settings file exists, new profile?" (new Error("", "(unknown module)"))
1610945312993	Marionette	INFO	Listening on port 50893
1610945313502	Marionette	WARN	TLS certificate errors will be ignored for this session
1610945313550	Marionette	ERROR	[17] No reply from Marionette:Register
JavaScript error: https://www.phptravels.net/home, line 25: TypeError: document.getElementById(...) is null
JavaScript error: https://www.phptravels.net/home, line 1018: SyntaxError: missing ) after argument list
JavaScript warning: https://www.phptravels.net/themes/default/assets/js/plugins.js, line 3317: unreachable code after return statement
JavaScript error: https://www.phptravels.net/home, line 3927: SyntaxError: expected expression, got ','
JavaScript error: https://www.phptravels.net/home, line 4033: ReferenceError: fmt is not defined
JavaScript error: https://www.phptravels.net/home, line 4058: ReferenceError: fmt is not defined
JavaScript error: https://www.phptravels.net/home, line 4083: ReferenceError: fmt is not defined
JavaScript error: https://cdn.livechatinc.com/tracking.js, line 1: Error: License expired
1610945323595	Marionette	WARN	TimedPromise timed out after 500 ms: stacktrace:
TimedPromise/<@chrome://marionette/content/sync.js:235:19
TimedPromise@chrome://marionette/content/sync.js:220:10
interaction.flushEventLoop@chrome://marionette/content/interaction.js:418:10
webdriverClickElement@chrome://marionette/content/interaction.js:179:31
1610945520117	Marionette	INFO	Stopped listening on port 50893
