1610944513918	geckodriver	INFO	Listening on 127.0.0.1:50766
1610944516875	mozrunner::runner	INFO	Running command: "C:\\Program Files (x86)\\Mozilla Firefox\\firefox.exe" "--marionette" "-foreground" "-no-remote" "-profile" "C:\\Users\\CTEA\\AppData\\Local\\Temp\\rust_mozprofilefqRnP3"
console.warn: SearchSettings: "get: No settings file exists, new profile?" (new Error("", "(unknown module)"))
console.warn: SearchSettings: "get: No settings file exists, new profile?" (new Error("", "(unknown module)"))
1610944538379	Marionette	INFO	Listening on port 50774
1610944538916	Marionette	WARN	TLS certificate errors will be ignored for this session
1610944538972	Marionette	ERROR	[21] No reply from Marionette:Register
JavaScript error: https://www.phptravels.net/home, line 25: TypeError: document.getElementById(...) is null
JavaScript error: https://www.phptravels.net/home, line 1018: SyntaxError: missing ) after argument list
JavaScript warning: https://www.phptravels.net/themes/default/assets/js/plugins.js, line 3317: unreachable code after return statement
JavaScript error: https://www.phptravels.net/home, line 3927: SyntaxError: expected expression, got ','
JavaScript error: https://www.phptravels.net/home, line 4033: ReferenceError: fmt is not defined
JavaScript error: https://www.phptravels.net/home, line 4058: ReferenceError: fmt is not defined
JavaScript error: https://www.phptravels.net/home, line 4083: ReferenceError: fmt is not defined
JavaScript error: https://cdn.livechatinc.com/tracking.js, line 1: Error: License expired
IPDL protocol error: Handler returned error code!

###!!! [Parent][DispatchAsyncMessage] Error: PLayerTransaction::Msg_ReleaseLayer Processing error: message was deserialized, but the handler returned false (indicating failure)

IPDL protocol error: Handler returned error code!

###!!! [Parent][DispatchAsyncMessage] Error: PLayerTransaction::Msg_ReleaseLayer Processing error: message was deserialized, but the handler returned false (indicating failure)

1610945522140	Marionette	INFO	Stopped listening on port 50774

###!!! [Child][RunMessage] Error: Channel closing: too late to send/recv, messages will be lost

