1610695757510	geckodriver	INFO	Listening on 127.0.0.1:55965
1610695760529	mozrunner::runner	INFO	Running command: "C:\\Program Files (x86)\\Mozilla Firefox\\firefox.exe" "--marionette" "-foreground" "-no-remote" "-profile" "C:\\Users\\CTEA\\AppData\\Local\\Temp\\rust_mozprofileKSyvPD"
console.warn: SearchSettings: "get: No settings file exists, new profile?" (new Error("", "(unknown module)"))
console.warn: SearchSettings: "get: No settings file exists, new profile?" (new Error("", "(unknown module)"))
1610695770323	Marionette	INFO	Listening on port 55974
1610695770692	Marionette	WARN	TLS certificate errors will be ignored for this session
1610695770805	Marionette	ERROR	[17] No reply from Marionette:Register
JavaScript error: , line 0: TypeError: Property 'handleEvent' is not callable.
1610695791756	Marionette	WARN	TimedPromise timed out after 500 ms: stacktrace:
TimedPromise/<@chrome://marionette/content/sync.js:235:19
TimedPromise@chrome://marionette/content/sync.js:220:10
interaction.flushEventLoop@chrome://marionette/content/interaction.js:418:10
webdriverClickElement@chrome://marionette/content/interaction.js:179:31
JavaScript error: , line 0: TypeError: Property 'handleEvent' is not callable.
[GFX1-]: (gfxWindowsPlatform) Detected device reset: 3
[GFX1-]: (gfxWindowsPlatform) scheduled device update.
[GFX1-]: (gfxWindowsPlatform) Detected device reset: 3
[GFX1-]: (gfxWindowsPlatform) scheduled device update.
[GFX1-]: (gfxWindowsPlatform) Detected device reset: 3
[GFX1-]: (gfxWindowsPlatform) scheduled device update.
[GFX1-]: (gfxWindowsPlatform) Detected device reset: 3
[GFX1-]: (gfxWindowsPlatform) scheduled device update.
[GFX1-]: (gfxWindowsPlatform) Detected device reset: 3
[GFX1-]: (gfxWindowsPlatform) scheduled device update.
[GFX1-]: (gfxWindowsPlatform) Detected device reset: 3
[GFX1-]: (gfxWindowsPlatform) scheduled device update.
[GFX1-]: (gfxWindowsPlatform) Detected device reset: 3
[GFX1-]: (gfxWindowsPlatform) scheduled device update.
[GFX1-]: (gfxWindowsPlatform) Detected device reset: 3
[GFX1-]: (gfxWindowsPlatform) scheduled device update.
[GFX1-]: (gfxWindowsPlatform) Detected device reset: 3
[GFX1-]: (gfxWindowsPlatform) scheduled device update.
[GFX1-]: (gfxWindowsPlatform) Detected device reset: 3
[GFX1-]: (gfxWindowsPlatform) scheduled device update.
[GFX1-]: (gfxWindowsPlatform) Detected device reset: 3
[GFX1-]: (gfxWindowsPlatform) scheduled device update.
[GFX1-]: (gfxWindowsPlatform) Detected device reset: 3
[GFX1-]: (gfxWindowsPlatform) scheduled device update.
[GFX1-]: (gfxWindowsPlatform) Detected device reset: 3
[GFX1-]: (gfxWindowsPlatform) scheduled device update.
[GFX1-]: (gfxWindowsPlatform) Detected device reset: 3
[GFX1-]: (gfxWindowsPlatform) scheduled device update.
[GFX1-]: (gfxWindowsPlatform) Detected device reset: 3
[GFX1-]: (gfxWindowsPlatform) scheduled device update.
[GFX1-]: (gfxWindowsPlatform) Detected device reset: 3
[GFX1-]: (gfxWindowsPlatform) scheduled device update.
[GFX1-]: (gfxWindowsPlatform) Detected device reset: 3
[GFX1-]: (gfxWindowsPlatform) scheduled device update.
[GFX1-]: (gfxWindowsPlatform) Detected device reset: 3
[GFX1-]: (gfxWindowsPlatform) scheduled device update.
[GFX1-]: (gfxWindowsPlatform) Detected device reset: 3
[GFX1-]: (gfxWindowsPlatform) scheduled device update.
[GFX1-]: (gfxWindowsPlatform) Detected device reset: 3
[GFX1-]: (gfxWindowsPlatform) scheduled device update.
[GFX1-]: (gfxWindowsPlatform) Detected device reset: 3
[GFX1-]: (gfxWindowsPlatform) scheduled device update.
[GFX1-]: (gfxWindowsPlatform) Detected device reset: 3
[GFX1-]: (gfxWindowsPlatform) scheduled device update.
[GFX1-]: (gfxWindowsPlatform) Detected device reset: 3
[GFX1-]: (gfxWindowsPlatform) scheduled device update.
[GFX1-]: (gfxWindowsPlatform) Detected device reset: 3
[GFX1-]: (gfxWindowsPlatform) scheduled device update.
[GFX1-]: (gfxWindowsPlatform) Detected device reset: 3
[GFX1-]: (gfxWindowsPlatform) scheduled device update.
[GFX1-]: (gfxWindowsPlatform) Detected device reset: 3
[GFX1-]: (gfxWindowsPlatform) scheduled device update.
[GFX1-]: (gfxWindowsPlatform) Detected device reset: 3
[GFX1-]: (gfxWindowsPlatform) scheduled device update.
[GFX1-]: (gfxWindowsPlatform) Detected device reset: 3
[GFX1-]: (gfxWindowsPlatform) scheduled device update.
[GFX1-]: (gfxWindowsPlatform) Detected device reset: 3
[GFX1-]: (gfxWindowsPlatform) scheduled device update.
[GFX1-]: (gfxWindowsPlatform) Detected device reset: 3
[GFX1-]: (gfxWindowsPlatform) scheduled device update.
[GFX1-]: (gfxWindowsPlatform) Detected device reset: 3
[GFX1-]: (gfxWindowsPlatform) scheduled device update.
[GFX1-]: (gfxWindowsPlatform) Detected device reset: 3
[GFX1-]: (gfxWindowsPlatform) scheduled device update.
[GFX1-]: (gfxWindowsPlatform) Detected device reset: 3
[GFX1-]: (gfxWindowsPlatform) scheduled device update.
[GFX1-]: (gfxWindowsPlatform) Detected device reset: 3
[GFX1-]: (gfxWindowsPlatform) scheduled device update.
[GFX1-]: (gfxWindowsPlatform) Detected device reset: 3
[GFX1-]: (gfxWindowsPlatform) scheduled device update.
[GFX1-]: (gfxWindowsPlatform) Detected device reset: 3
[GFX1-]: (gfxWindowsPlatform) scheduled device update.
[GFX1-]: (gfxWindowsPlatform) Detected device reset: 3
[GFX1-]: (gfxWindowsPlatform) scheduled device update.
[GFX1-]: (gfxWindowsPlatform) Detected device reset: 3
[GFX1-]: (gfxWindowsPlatform) scheduled device update.
[GFX1-]: (gfxWindowsPlatform) Detected device reset: 3
[GFX1-]: (gfxWindowsPlatform) scheduled device update.
[GFX1-]: (gfxWindowsPlatform) Detected device reset: 3
[GFX1-]: (gfxWindowsPlatform) scheduled device update.
[GFX1-]: (gfxWindowsPlatform) Detected device reset: 3
[GFX1-]: (gfxWindowsPlatform) scheduled device update.
[GFX1-]: (gfxWindowsPlatform) Detected device reset: 3
[GFX1-]: (gfxWindowsPlatform) scheduled device update.
[GFX1-]: (gfxWindowsPlatform) Detected device reset: 3
[GFX1-]: (gfxWindowsPlatform) scheduled device update.
1610700033605	Marionette	INFO	Stopped listening on port 55974
