1610703004906	geckodriver	INFO	Listening on 127.0.0.1:62248
1610703007848	mozrunner::runner	INFO	Running command: "C:\\Program Files (x86)\\Mozilla Firefox\\firefox.exe" "--marionette" "-foreground" "-no-remote" "-profile" "C:\\Users\\CTEA\\AppData\\Local\\Temp\\rust_mozprofileb9KjYb"
console.warn: SearchSettings: "get: No settings file exists, new profile?" (new Error("", "(unknown module)"))
console.error: Region.jsm: "Error fetching region" (new Error("TIMEOUT", "resource://gre/modules/Region.jsm", 775))
console.error: Region.jsm: "Failed to fetch region" (new Error("TIMEOUT", "resource://gre/modules/Region.jsm", 422))
1610703024741	Marionette	INFO	Listening on port 62258
1610703025229	Marionette	WARN	TLS certificate errors will be ignored for this session
1610703025336	Marionette	ERROR	[21] No reply from Marionette:Register
1610703026150	Marionette	WARN	Ignoring event 'DOMContentLoaded' because document has an invalid readyState of 'complete'.
JavaScript error: https://online.citibank.co.in/js/example.dart.js, line 1: TypeError: f.RE(...) is null
JavaScript error: https://online.citibank.co.in/js/angular.min.js, line 6: Error: [$injector:modulerr] http://errors.angularjs.org/1.4.8/$injector/modulerr?p0=searchApp&p1=%5B%24injector%3Anomod%5D%20http%3A%2F%2Ferrors.angularjs.org%2F1.4.8%2F%24injector%2Fnomod%3Fp0%3DsearchApp%0AG%2F%3C%40https%3A%2F%2Fonline.citibank.co.in%2Fjs%2Fangular.min.js%3A6%3A416%0Ade%2F%3C%2F%3C%2F%3C%40https%3A%2F%2Fonline.citibank.co.in%2Fjs%2Fangular.min.js%3A24%3A186%0Ab%40https%3A%2F%2Fonline.citibank.co.in%2Fjs%2Fangular.min.js%3A23%3A251%0Ade%2F%3C%2F%3C%40https%3A%2F%2Fonline.citibank.co.in%2Fjs%2Fangular.min.js%3A23%3A494%0Ag%2F%3C%40https%3A%2F%2Fonline.citibank.co.in%2Fjs%2Fangular.min.js%3A38%3A117%0An%40https%3A%2F%2Fonline.citibank.co.in%2Fjs%2Fangular.min.js%3A7%3A333%0Ag%40https%3A%2F%2Fonline.citibank.co.in%2Fjs%2Fangular.min.js%3A37%3A489%0Aeb%40https%3A%2F%2Fonline.citibank.co.in%2Fjs%2Fangular.min.js%3A41%3A249%0Ac%40https%3A%2F%2Fonline.citibank.co.in%2Fjs%2Fangular.min.js%3A19%3A463%0Ayc%40https%3A%2F%2Fonline.citibank.co.in%2Fjs%2Fangular.min.js%3A20%3A274%0AZd%40https%3A%2F%2Fonline.citibank.co.in%2Fjs%2Fangular.min.js%3A19%3A83%0A%40https%3A%2F%2Fonline.citibank.co.in%2Fjs%2Fangular.min.js%3A294%3A194%0Ae%40https%3A%2F%2Fonline.citibank.co.in%2Fjs%2Fjquery-3.4.1.min.js%3A2%3A29453%0Al%2F%3C%2Ft%3C%40https%3A%2F%2Fonline.citibank.co.in%2Fjs%2Fjquery-3.4.1.min.js%3A2%3A29755%0A
1610703051624	Marionette	WARN	TimedPromise timed out after 500 ms: stacktrace:
TimedPromise/<@chrome://marionette/content/sync.js:235:19
TimedPromise@chrome://marionette/content/sync.js:220:10
interaction.flushEventLoop@chrome://marionette/content/interaction.js:418:10
webdriverClickElement@chrome://marionette/content/interaction.js:179:31
JavaScript error: https://www.online.citibank.co.in/credit-card/apply?Couponcode=CITI2000&site=PORTAL&creative=NGX&section=INHOCCTHEAPPLY&agencyCode=XER&campaignCode=&productCode=&eOfferCode=INHOMTOPAPPLY, line 4543: TypeError: /([0-9]{1,3}(\.[0-9]{1,3}){3}|[a-f0-9]{1,4}(:[a-f0-9]{1,4}){7})/.exec(...) is null
JavaScript error: https://www.online.citibank.co.in/credit-card/apply?Couponcode=CITI2000&site=PORTAL&creative=NGX&section=INHOCCTHEAPPLY&agencyCode=XER&campaignCode=&productCode=&eOfferCode=INHOMTOPAPPLY, line 4543: TypeError: /([0-9]{1,3}(\.[0-9]{1,3}){3}|[a-f0-9]{1,4}(:[a-f0-9]{1,4}){7})/.exec(...) is null
IPDL protocol error: Handler returned error code!

###!!! [Parent][DispatchAsyncMessage] Error: PLayerTransaction::Msg_ReleaseLayer Processing error: message was deserialized, but the handler returned false (indicating failure)

JavaScript error: chrome://global/content/elements/browser-custom-element.js, line 1642: Error: permitUnload is already running for this tab.
JavaScript error: chrome://global/content/elements/browser-custom-element.js, line 1642: Error: permitUnload is already running for this tab.
JavaScript error: chrome://browser/content/browser.js, line 7875: uncaught exception: undefined
[Parent 12660, IPC I/O Parent] WARNING: file /builds/worker/checkouts/gecko/ipc/chromium/src/base/process_util_win.cc:167
1610709472076	Marionette	INFO	Stopped listening on port 62258

###!!! [Child][RunMessage] Error: Channel closing: too late to send/recv, messages will be lost

